{
  "contracts/RaffleManager.sol": {
    "l": {
      "59": 2,
      "60": 2,
      "61": 2,
      "69": 2,
      "71": 2,
      "79": 1,
      "80": 0,
      "83": 1,
      "84": 1,
      "85": 1,
      "87": 1,
      "94": 3,
      "95": 0,
      "97": 3,
      "98": 0,
      "100": 3,
      "101": 0,
      "104": 3,
      "106": 3,
      "114": 3,
      "116": 3,
      "120": 1,
      "121": 1,
      "122": 0,
      "124": 1,
      "125": 0,
      "128": 1,
      "129": 777,
      "130": 777,
      "133": 1,
      "135": 1,
      "139": 777,
      "156": 0,
      "157": 0,
      "158": 0,
      "161": 0,
      "165": 3,
      "181": 3,
      "182": 3,
      "183": 0,
      "186": 3,
      "196": 3,
      "212": 0,
      "213": 0,
      "214": 0,
      "217": 0,
      "229": 1,
      "230": 1,
      "231": 0,
      "234": 1
    },
    "path": "/Users/volthai7us/Desktop/Dev/Blockchain/fairraffle/contracts/RaffleManager.sol",
    "s": {
      "1": 2,
      "2": 2,
      "3": 2,
      "4": 1,
      "5": 1,
      "6": 1,
      "7": 1,
      "8": 3,
      "9": 3,
      "10": 3,
      "11": 3,
      "12": 3,
      "13": 1,
      "14": 1,
      "15": 1,
      "16": 1,
      "17": 777,
      "18": 777,
      "19": 1,
      "20": 777,
      "21": 0,
      "22": 0,
      "23": 0,
      "24": 3,
      "25": 3,
      "26": 3,
      "27": 3,
      "28": 3,
      "29": 0,
      "30": 0,
      "31": 0,
      "32": 1,
      "33": 1,
      "34": 1
    },
    "b": {
      "1": [0, 1],
      "2": [0, 3],
      "3": [0, 3],
      "4": [0, 3],
      "5": [0, 1],
      "6": [0, 0],
      "7": [0, 1],
      "8": [0, 0],
      "9": [0, 0],
      "10": [0, 3],
      "11": [0, 0],
      "12": [0, 1]
    },
    "f": {
      "1": 2,
      "2": 1,
      "3": 3,
      "4": 1,
      "5": 777,
      "6": 0,
      "7": 3,
      "8": 3,
      "9": 3,
      "10": 0,
      "11": 1
    },
    "fnMap": {
      "1": {
        "name": "createCollection",
        "line": 55,
        "loc": {
          "start": { "line": 55, "column": 2 },
          "end": { "line": 72, "column": 2 }
        }
      },
      "2": {
        "name": "createRaffleForCollection",
        "line": 74,
        "loc": {
          "start": { "line": 74, "column": 2 },
          "end": { "line": 88, "column": 2 }
        }
      },
      "3": {
        "name": "createRaffle",
        "line": 90,
        "loc": {
          "start": { "line": 90, "column": 2 },
          "end": { "line": 117, "column": 2 }
        }
      },
      "4": {
        "name": "startRaffle",
        "line": 119,
        "loc": {
          "start": { "line": 119, "column": 2 },
          "end": { "line": 136, "column": 2 }
        }
      },
      "5": {
        "name": "random",
        "line": 138,
        "loc": {
          "start": { "line": 138, "column": 2 },
          "end": { "line": 151, "column": 2 }
        }
      },
      "6": {
        "name": "getRaffleWinners",
        "line": 153,
        "loc": {
          "start": { "line": 153, "column": 2 },
          "end": { "line": 162, "column": 2 }
        }
      },
      "7": {
        "name": "getRaffleCount",
        "line": 164,
        "loc": {
          "start": { "line": 164, "column": 2 },
          "end": { "line": 166, "column": 2 }
        }
      },
      "8": {
        "name": "getRaffle",
        "line": 168,
        "loc": {
          "start": { "line": 168, "column": 2 },
          "end": { "line": 193, "column": 2 }
        }
      },
      "9": {
        "name": "getCollectionCount",
        "line": 195,
        "loc": {
          "start": { "line": 195, "column": 2 },
          "end": { "line": 197, "column": 2 }
        }
      },
      "10": {
        "name": "getCollection",
        "line": 199,
        "loc": {
          "start": { "line": 199, "column": 2 },
          "end": { "line": 224, "column": 2 }
        }
      },
      "11": {
        "name": "getRaffleCountForCollection",
        "line": 226,
        "loc": {
          "start": { "line": 226, "column": 2 },
          "end": { "line": 235, "column": 2 }
        }
      }
    },
    "statementMap": {
      "1": {
        "start": { "line": 60, "column": 4 },
        "end": { "line": 60, "column": 43 }
      },
      "2": {
        "start": { "line": 69, "column": 4 },
        "end": { "line": 69, "column": 54 }
      },
      "3": {
        "start": { "line": 71, "column": 4 },
        "end": { "line": 71, "column": 27 }
      },
      "4": {
        "start": { "line": 79, "column": 4 },
        "end": { "line": 79, "column": 1825 }
      },
      "5": {
        "start": { "line": 83, "column": 4 },
        "end": { "line": 83, "column": 69 }
      },
      "6": {
        "start": { "line": 84, "column": 4 },
        "end": { "line": 84, "column": 49 }
      },
      "7": {
        "start": { "line": 87, "column": 4 },
        "end": { "line": 87, "column": 19 }
      },
      "8": {
        "start": { "line": 94, "column": 4 },
        "end": { "line": 94, "column": 2244 }
      },
      "9": {
        "start": { "line": 97, "column": 4 },
        "end": { "line": 97, "column": 2341 }
      },
      "10": {
        "start": { "line": 100, "column": 4 },
        "end": { "line": 100, "column": 2438 }
      },
      "11": {
        "start": { "line": 114, "column": 4 },
        "end": { "line": 114, "column": 70 }
      },
      "12": {
        "start": { "line": 116, "column": 4 },
        "end": { "line": 116, "column": 23 }
      },
      "13": {
        "start": { "line": 120, "column": 4 },
        "end": { "line": 120, "column": 45 }
      },
      "14": {
        "start": { "line": 121, "column": 4 },
        "end": { "line": 121, "column": 2934 }
      },
      "15": {
        "start": { "line": 124, "column": 4 },
        "end": { "line": 124, "column": 3033 }
      },
      "16": {
        "start": { "line": 128, "column": 4 },
        "end": { "line": 128, "column": 3125 }
      },
      "17": {
        "start": { "line": 129, "column": 6 },
        "end": { "line": 129, "column": 58 }
      },
      "18": {
        "start": { "line": 130, "column": 6 },
        "end": { "line": 130, "column": 37 }
      },
      "19": {
        "start": { "line": 135, "column": 4 },
        "end": { "line": 135, "column": 32 }
      },
      "20": {
        "start": { "line": 139, "column": 4 },
        "end": { "line": 139, "column": 3446 }
      },
      "21": {
        "start": { "line": 156, "column": 4 },
        "end": { "line": 156, "column": 45 }
      },
      "22": {
        "start": { "line": 157, "column": 4 },
        "end": { "line": 157, "column": 3832 }
      },
      "23": {
        "start": { "line": 161, "column": 4 },
        "end": { "line": 161, "column": 25 }
      },
      "24": {
        "start": { "line": 165, "column": 4 },
        "end": { "line": 165, "column": 23 }
      },
      "25": {
        "start": { "line": 181, "column": 4 },
        "end": { "line": 181, "column": 45 }
      },
      "26": {
        "start": { "line": 182, "column": 4 },
        "end": { "line": 182, "column": 4330 }
      },
      "27": {
        "start": { "line": 186, "column": 4 },
        "end": { "line": 186, "column": 4403 }
      },
      "28": {
        "start": { "line": 196, "column": 4 },
        "end": { "line": 196, "column": 27 }
      },
      "29": {
        "start": { "line": 212, "column": 4 },
        "end": { "line": 212, "column": 61 }
      },
      "30": {
        "start": { "line": 213, "column": 4 },
        "end": { "line": 213, "column": 4925 }
      },
      "31": {
        "start": { "line": 217, "column": 4 },
        "end": { "line": 217, "column": 5010 }
      },
      "32": {
        "start": { "line": 229, "column": 4 },
        "end": { "line": 229, "column": 61 }
      },
      "33": {
        "start": { "line": 230, "column": 4 },
        "end": { "line": 230, "column": 5320 }
      },
      "34": {
        "start": { "line": 234, "column": 4 },
        "end": { "line": 234, "column": 33 }
      }
    },
    "branchMap": {
      "1": {
        "line": 79,
        "type": "if",
        "locations": [
          {
            "start": { "line": 79, "column": 4 },
            "end": { "line": 79, "column": 4 }
          },
          {
            "start": { "line": 79, "column": 4 },
            "end": { "line": 79, "column": 4 }
          }
        ]
      },
      "2": {
        "line": 94,
        "type": "if",
        "locations": [
          {
            "start": { "line": 94, "column": 4 },
            "end": { "line": 94, "column": 4 }
          },
          {
            "start": { "line": 94, "column": 4 },
            "end": { "line": 94, "column": 4 }
          }
        ]
      },
      "3": {
        "line": 97,
        "type": "if",
        "locations": [
          {
            "start": { "line": 97, "column": 4 },
            "end": { "line": 97, "column": 4 }
          },
          {
            "start": { "line": 97, "column": 4 },
            "end": { "line": 97, "column": 4 }
          }
        ]
      },
      "4": {
        "line": 100,
        "type": "if",
        "locations": [
          {
            "start": { "line": 100, "column": 4 },
            "end": { "line": 100, "column": 4 }
          },
          {
            "start": { "line": 100, "column": 4 },
            "end": { "line": 100, "column": 4 }
          }
        ]
      },
      "5": {
        "line": 121,
        "type": "if",
        "locations": [
          {
            "start": { "line": 121, "column": 4 },
            "end": { "line": 121, "column": 4 }
          },
          {
            "start": { "line": 121, "column": 4 },
            "end": { "line": 121, "column": 4 }
          }
        ]
      },
      "6": {
        "line": 121,
        "type": "cond-expr",
        "locations": [
          {
            "start": { "line": 121, "column": 8 },
            "end": { "line": 121, "column": 21 }
          },
          {
            "start": { "line": 121, "column": 26 },
            "end": { "line": 121, "column": 49 }
          }
        ]
      },
      "7": {
        "line": 124,
        "type": "if",
        "locations": [
          {
            "start": { "line": 124, "column": 4 },
            "end": { "line": 124, "column": 4 }
          },
          {
            "start": { "line": 124, "column": 4 },
            "end": { "line": 124, "column": 4 }
          }
        ]
      },
      "8": {
        "line": 157,
        "type": "if",
        "locations": [
          {
            "start": { "line": 157, "column": 4 },
            "end": { "line": 157, "column": 4 }
          },
          {
            "start": { "line": 157, "column": 4 },
            "end": { "line": 157, "column": 4 }
          }
        ]
      },
      "9": {
        "line": 157,
        "type": "cond-expr",
        "locations": [
          {
            "start": { "line": 157, "column": 8 },
            "end": { "line": 157, "column": 21 }
          },
          {
            "start": { "line": 157, "column": 26 },
            "end": { "line": 157, "column": 49 }
          }
        ]
      },
      "10": {
        "line": 182,
        "type": "if",
        "locations": [
          {
            "start": { "line": 182, "column": 4 },
            "end": { "line": 182, "column": 4 }
          },
          {
            "start": { "line": 182, "column": 4 },
            "end": { "line": 182, "column": 4 }
          }
        ]
      },
      "11": {
        "line": 213,
        "type": "if",
        "locations": [
          {
            "start": { "line": 213, "column": 4 },
            "end": { "line": 213, "column": 4 }
          },
          {
            "start": { "line": 213, "column": 4 },
            "end": { "line": 213, "column": 4 }
          }
        ]
      },
      "12": {
        "line": 230,
        "type": "if",
        "locations": [
          {
            "start": { "line": 230, "column": 4 },
            "end": { "line": 230, "column": 4 }
          },
          {
            "start": { "line": 230, "column": 4 },
            "end": { "line": 230, "column": 4 }
          }
        ]
      }
    }
  }
}
